{"D:\\gerardo\\practice\\node-ts\\src\\app.ts": {"path":"D:\\gerardo\\practice\\node-ts\\src\\app.ts","statementMap":{"0":{"start":{"line":1,"column":0},"end":{"line":1,"column":55}},"1":{"start":{"line":2,"column":0},"end":{"line":2,"column":32}},"2":{"start":{"line":3,"column":0},"end":{"line":3,"column":24}},"3":{"start":{"line":4,"column":0},"end":{"line":4,"column":28}},"4":{"start":{"line":5,"column":0},"end":{"line":5,"column":38}},"5":{"start":{"line":7,"column":0},"end":{"line":7,"column":60}},"6":{"start":{"line":8,"column":0},"end":{"line":8,"column":28}},"7":{"start":{"line":15,"column":8},"end":{"line":15,"column":33}},"8":{"start":{"line":16,"column":8},"end":{"line":16,"column":25}},"9":{"start":{"line":18,"column":8},"end":{"line":18,"column":44}},"10":{"start":{"line":19,"column":8},"end":{"line":19,"column":36}},"11":{"start":{"line":20,"column":8},"end":{"line":20,"column":48}},"12":{"start":{"line":21,"column":8},"end":{"line":21,"column":39}},"13":{"start":{"line":25,"column":8},"end":{"line":25,"column":35}},"14":{"start":{"line":26,"column":8},"end":{"line":26,"column":33}},"15":{"start":{"line":27,"column":8},"end":{"line":27,"column":40}},"16":{"start":{"line":28,"column":8},"end":{"line":28,"column":41}},"17":{"start":{"line":29,"column":8},"end":{"line":29,"column":66}},"18":{"start":{"line":30,"column":8},"end":{"line":30,"column":40}},"19":{"start":{"line":34,"column":8},"end":{"line":36,"column":11}},"20":{"start":{"line":35,"column":12},"end":{"line":35,"column":56}},"21":{"start":{"line":40,"column":8},"end":{"line":40,"column":42}},"22":{"start":{"line":45,"column":12},"end":{"line":45,"column":23}},"23":{"start":{"line":47,"column":8},"end":{"line":49,"column":10}},"24":{"start":{"line":53,"column":8},"end":{"line":55,"column":11}},"25":{"start":{"line":54,"column":12},"end":{"line":54,"column":69}},"26":{"start":{"line":59,"column":0},"end":{"line":59,"column":19}}},"fnMap":{"0":{"name":"(anonymous_1)","decl":{"start":{"line":14,"column":4},"end":{"line":14,"column":16}},"loc":{"start":{"line":14,"column":55},"end":{"line":22,"column":5}}},"1":{"name":"(anonymous_2)","decl":{"start":{"line":24,"column":12},"end":{"line":24,"column":32}},"loc":{"start":{"line":24,"column":32},"end":{"line":31,"column":5}}},"2":{"name":"(anonymous_3)","decl":{"start":{"line":33,"column":12},"end":{"line":33,"column":33}},"loc":{"start":{"line":33,"column":59},"end":{"line":37,"column":5}}},"3":{"name":"(anonymous_4)","decl":{"start":{"line":34,"column":28},"end":{"line":34,"column":29}},"loc":{"start":{"line":34,"column":55},"end":{"line":36,"column":9}}},"4":{"name":"(anonymous_5)","decl":{"start":{"line":39,"column":12},"end":{"line":39,"column":35}},"loc":{"start":{"line":39,"column":35},"end":{"line":41,"column":5}}},"5":{"name":"(anonymous_6)","decl":{"start":{"line":43,"column":12},"end":{"line":43,"column":40}},"loc":{"start":{"line":43,"column":40},"end":{"line":50,"column":5}}},"6":{"name":"(anonymous_7)","decl":{"start":{"line":52,"column":11},"end":{"line":52,"column":17}},"loc":{"start":{"line":52,"column":17},"end":{"line":56,"column":5}}},"7":{"name":"(anonymous_8)","decl":{"start":{"line":53,"column":39},"end":{"line":53,"column":42}},"loc":{"start":{"line":53,"column":44},"end":{"line":55,"column":9}}}},"branchMap":{},"s":{"0":0,"1":0,"2":0,"3":0,"4":0,"5":0,"6":0,"7":0,"8":0,"9":0,"10":0,"11":0,"12":0,"13":0,"14":0,"15":0,"16":0,"17":0,"18":0,"19":0,"20":0,"21":0,"22":0,"23":0,"24":0,"25":0,"26":0},"f":{"0":0,"1":0,"2":0,"3":0,"4":0,"5":0,"6":0,"7":0},"b":{}}
,"D:\\gerardo\\practice\\node-ts\\src\\index.ts": {"path":"D:\\gerardo\\practice\\node-ts\\src\\index.ts","statementMap":{"0":{"start":{"line":1,"column":0},"end":{"line":1,"column":23}},"1":{"start":{"line":2,"column":0},"end":{"line":2,"column":34}},"2":{"start":{"line":3,"column":0},"end":{"line":3,"column":24}},"3":{"start":{"line":4,"column":0},"end":{"line":4,"column":46}},"4":{"start":{"line":7,"column":0},"end":{"line":7,"column":62}},"5":{"start":{"line":9,"column":0},"end":{"line":9,"column":14}},"6":{"start":{"line":10,"column":12},"end":{"line":10,"column":69}},"7":{"start":{"line":11,"column":0},"end":{"line":11,"column":13}}},"fnMap":{},"branchMap":{},"s":{"0":0,"1":0,"2":0,"3":0,"4":0,"5":0,"6":0,"7":0},"f":{},"b":{}}
,"D:\\gerardo\\practice\\node-ts\\src\\__test__\\add.ts": {"path":"D:\\gerardo\\practice\\node-ts\\src\\__test__\\add.ts","statementMap":{"0":{"start":{"line":2,"column":4},"end":{"line":2,"column":29}},"1":{"start":{"line":5,"column":0},"end":{"line":5,"column":19}}},"fnMap":{"0":{"name":"add","decl":{"start":{"line":1,"column":9},"end":{"line":1,"column":12}},"loc":{"start":{"line":1,"column":45},"end":{"line":3,"column":1}}}},"branchMap":{},"s":{"0":1,"1":1},"f":{"0":1},"b":{}}
,"D:\\gerardo\\practice\\node-ts\\src\\middleware\\error.middleware.ts": {"path":"D:\\gerardo\\practice\\node-ts\\src\\middleware\\error.middleware.ts","statementMap":{"0":{"start":{"line":10,"column":19},"end":{"line":10,"column":38}},"1":{"start":{"line":11,"column":20},"end":{"line":11,"column":59}},"2":{"start":{"line":13,"column":4},"end":{"line":16,"column":7}},"3":{"start":{"line":19,"column":0},"end":{"line":19,"column":31}}},"fnMap":{"0":{"name":"errorMiddleware","decl":{"start":{"line":4,"column":9},"end":{"line":4,"column":24}},"loc":{"start":{"line":8,"column":22},"end":{"line":17,"column":1}}}},"branchMap":{"0":{"loc":{"start":{"line":10,"column":19},"end":{"line":10,"column":38}},"type":"binary-expr","locations":[{"start":{"line":10,"column":19},"end":{"line":10,"column":31}},{"start":{"line":10,"column":35},"end":{"line":10,"column":38}}]},"1":{"loc":{"start":{"line":11,"column":20},"end":{"line":11,"column":59}},"type":"binary-expr","locations":[{"start":{"line":11,"column":20},"end":{"line":11,"column":33}},{"start":{"line":11,"column":37},"end":{"line":11,"column":59}}]}},"s":{"0":0,"1":0,"2":0,"3":0},"f":{"0":0},"b":{"0":[0,0],"1":[0,0]}}
,"D:\\gerardo\\practice\\node-ts\\src\\middleware\\validation.middleware.ts": {"path":"D:\\gerardo\\practice\\node-ts\\src\\middleware\\validation.middleware.ts","statementMap":{"0":{"start":{"line":5,"column":4},"end":{"line":36,"column":6}},"1":{"start":{"line":9,"column":23},"end":{"line":36,"column":6}},"2":{"start":{"line":10,"column":34},"end":{"line":12,"column":10}},"3":{"start":{"line":14,"column":8},"end":{"line":35,"column":null}},"4":{"start":{"line":15,"column":26},"end":{"line":17,"column":null}},"5":{"start":{"line":20,"column":12},"end":{"line":20,"column":29}},"6":{"start":{"line":21,"column":12},"end":{"line":21,"column":19}},"7":{"start":{"line":23,"column":12},"end":{"line":32,"column":null}},"8":{"start":{"line":24,"column":41},"end":{"line":24,"column":43}},"9":{"start":{"line":25,"column":16},"end":{"line":30,"column":19}},"10":{"start":{"line":26,"column":20},"end":{"line":29,"column":23}},"11":{"start":{"line":31,"column":16},"end":{"line":31,"column":77}},"12":{"start":{"line":34,"column":12},"end":{"line":34,"column":57}},"13":{"start":{"line":39,"column":0},"end":{"line":39,"column":36}}},"fnMap":{"0":{"name":"validationMiddleware","decl":{"start":{"line":4,"column":9},"end":{"line":4,"column":29}},"loc":{"start":{"line":4,"column":48},"end":{"line":37,"column":1}}},"1":{"name":"(anonymous_8)","decl":{"start":{"line":5,"column":11},"end":{"line":5,"column":null}},"loc":{"start":{"line":9,"column":23},"end":{"line":36,"column":6}}},"2":{"name":"(anonymous_9)","decl":{"start":{"line":9,"column":23},"end":{"line":9,"column":null}},"loc":{"start":{"line":9,"column":23},"end":{"line":36,"column":5}}},"3":{"name":"(anonymous_10)","decl":{"start":{"line":25,"column":34},"end":{"line":25,"column":35}},"loc":{"start":{"line":25,"column":69},"end":{"line":30,"column":17}}}},"branchMap":{"0":{"loc":{"start":{"line":23,"column":12},"end":{"line":32,"column":null}},"type":"if","locations":[{"start":{"line":23,"column":12},"end":{"line":32,"column":null}}]},"1":{"loc":{"start":{"line":27,"column":31},"end":{"line":27,"column":52}},"type":"cond-expr","locations":[{"start":{"line":27,"column":45},"end":{"line":27,"column":47}},{"start":{"line":27,"column":45},"end":{"line":27,"column":52}}]},"2":{"loc":{"start":{"line":27,"column":31},"end":{"line":27,"column":47}},"type":"binary-expr","locations":[{"start":{"line":27,"column":31},"end":{"line":27,"column":47}},{"start":{"line":27,"column":45},"end":{"line":27,"column":47}}]},"3":{"loc":{"start":{"line":27,"column":31},"end":{"line":27,"column":45}},"type":"cond-expr","locations":[{"start":{"line":27,"column":36},"end":{"line":27,"column":38}},{"start":{"line":27,"column":31},"end":{"line":27,"column":45}}]},"4":{"loc":{"start":{"line":27,"column":31},"end":{"line":27,"column":38}},"type":"binary-expr","locations":[{"start":{"line":27,"column":31},"end":{"line":27,"column":38}},{"start":{"line":27,"column":31},"end":{"line":27,"column":38}}]},"5":{"loc":{"start":{"line":28,"column":33},"end":{"line":28,"column":69}},"type":"cond-expr","locations":[{"start":{"line":28,"column":38},"end":{"line":28,"column":40}},{"start":{"line":28,"column":33},"end":{"line":28,"column":69}}]},"6":{"loc":{"start":{"line":28,"column":33},"end":{"line":28,"column":40}},"type":"binary-expr","locations":[{"start":{"line":28,"column":33},"end":{"line":28,"column":40}},{"start":{"line":28,"column":33},"end":{"line":28,"column":40}}]}},"s":{"0":0,"1":0,"2":0,"3":0,"4":0,"5":0,"6":0,"7":0,"8":0,"9":0,"10":0,"11":0,"12":0,"13":0},"f":{"0":0,"1":0,"2":0,"3":0},"b":{"0":[0],"1":[0,0],"2":[0,0],"3":[0,0],"4":[0,0],"5":[0,0],"6":[0,0]}}
,"D:\\gerardo\\practice\\node-ts\\src\\resources\\post\\post.controller.ts": {"path":"D:\\gerardo\\practice\\node-ts\\src\\resources\\post\\post.controller.ts","statementMap":{"0":{"start":{"line":1,"column":0},"end":{"line":1,"column":66}},"1":{"start":{"line":3,"column":0},"end":{"line":3,"column":62}},"2":{"start":{"line":4,"column":0},"end":{"line":4,"column":70}},"3":{"start":{"line":6,"column":0},"end":{"line":6,"column":41}},"4":{"start":{"line":7,"column":0},"end":{"line":7,"column":41}},"5":{"start":{"line":10,"column":11},"end":{"line":10,"column":27}},"6":{"start":{"line":11,"column":11},"end":{"line":11,"column":29}},"7":{"start":{"line":12,"column":12},"end":{"line":12,"column":44}},"8":{"start":{"line":35,"column":12},"end":{"line":48,"column":6}},"9":{"start":{"line":39,"column":34},"end":{"line":48,"column":6}},"10":{"start":{"line":40,"column":8},"end":{"line":47,"column":null}},"11":{"start":{"line":41,"column":36},"end":{"line":41,"column":44}},"12":{"start":{"line":42,"column":25},"end":{"line":42,"column":67}},"13":{"start":{"line":44,"column":12},"end":{"line":44,"column":43}},"14":{"start":{"line":46,"column":12},"end":{"line":46,"column":56}},"15":{"start":{"line":50,"column":12},"end":{"line":61,"column":6}},"16":{"start":{"line":54,"column":34},"end":{"line":61,"column":6}},"17":{"start":{"line":55,"column":8},"end":{"line":60,"column":null}},"18":{"start":{"line":56,"column":26},"end":{"line":56,"column":54}},"19":{"start":{"line":57,"column":12},"end":{"line":57,"column":40}},"20":{"start":{"line":59,"column":12},"end":{"line":59,"column":56}},"21":{"start":{"line":63,"column":12},"end":{"line":82,"column":6}},"22":{"start":{"line":67,"column":34},"end":{"line":82,"column":6}},"23":{"start":{"line":68,"column":8},"end":{"line":81,"column":null}},"24":{"start":{"line":69,"column":27},"end":{"line":69,"column":37}},"25":{"start":{"line":70,"column":26},"end":{"line":70,"column":60}},"26":{"start":{"line":71,"column":12},"end":{"line":78,"column":null}},"27":{"start":{"line":72,"column":16},"end":{"line":72,"column":44}},"28":{"start":{"line":74,"column":16},"end":{"line":77,"column":19}},"29":{"start":{"line":80,"column":12},"end":{"line":80,"column":56}},"30":{"start":{"line":84,"column":12},"end":{"line":98,"column":6}},"31":{"start":{"line":88,"column":34},"end":{"line":98,"column":6}},"32":{"start":{"line":89,"column":8},"end":{"line":97,"column":null}},"33":{"start":{"line":90,"column":27},"end":{"line":90,"column":37}},"34":{"start":{"line":91,"column":25},"end":{"line":91,"column":33}},"35":{"start":{"line":92,"column":26},"end":{"line":92,"column":65}},"36":{"start":{"line":93,"column":12},"end":{"line":93,"column":40}},"37":{"start":{"line":95,"column":12},"end":{"line":95,"column":63}},"38":{"start":{"line":96,"column":12},"end":{"line":96,"column":56}},"39":{"start":{"line":15,"column":8},"end":{"line":15,"column":32}},"40":{"start":{"line":19,"column":8},"end":{"line":19,"column":50}},"41":{"start":{"line":20,"column":8},"end":{"line":24,"column":10}},"42":{"start":{"line":25,"column":8},"end":{"line":25,"column":58}},"43":{"start":{"line":26,"column":8},"end":{"line":30,"column":10}},"44":{"start":{"line":32,"column":8},"end":{"line":32,"column":60}},"45":{"start":{"line":101,"column":0},"end":{"line":101,"column":30}}},"fnMap":{"0":{"name":"(anonymous_8)","decl":{"start":{"line":14,"column":4},"end":{"line":14,"column":null}},"loc":{"start":{"line":14,"column":4},"end":{"line":16,"column":5}}},"1":{"name":"(anonymous_9)","decl":{"start":{"line":35,"column":21},"end":{"line":35,"column":null}},"loc":{"start":{"line":39,"column":34},"end":{"line":48,"column":6}}},"2":{"name":"(anonymous_10)","decl":{"start":{"line":39,"column":34},"end":{"line":39,"column":null}},"loc":{"start":{"line":39,"column":34},"end":{"line":48,"column":5}}},"3":{"name":"(anonymous_11)","decl":{"start":{"line":50,"column":18},"end":{"line":50,"column":null}},"loc":{"start":{"line":54,"column":34},"end":{"line":61,"column":6}}},"4":{"name":"(anonymous_12)","decl":{"start":{"line":54,"column":34},"end":{"line":54,"column":null}},"loc":{"start":{"line":54,"column":34},"end":{"line":61,"column":5}}},"5":{"name":"(anonymous_13)","decl":{"start":{"line":63,"column":22},"end":{"line":63,"column":null}},"loc":{"start":{"line":67,"column":34},"end":{"line":82,"column":6}}},"6":{"name":"(anonymous_14)","decl":{"start":{"line":67,"column":34},"end":{"line":67,"column":null}},"loc":{"start":{"line":67,"column":34},"end":{"line":82,"column":5}}},"7":{"name":"(anonymous_15)","decl":{"start":{"line":84,"column":21},"end":{"line":84,"column":null}},"loc":{"start":{"line":88,"column":34},"end":{"line":98,"column":6}}},"8":{"name":"(anonymous_16)","decl":{"start":{"line":88,"column":34},"end":{"line":88,"column":null}},"loc":{"start":{"line":88,"column":34},"end":{"line":98,"column":5}}},"9":{"name":"(anonymous_17)","decl":{"start":{"line":18,"column":12},"end":{"line":18,"column":28}},"loc":{"start":{"line":18,"column":28},"end":{"line":33,"column":5}}}},"branchMap":{"0":{"loc":{"start":{"line":71,"column":12},"end":{"line":78,"column":null}},"type":"if","locations":[{"start":{"line":71,"column":12},"end":{"line":78,"column":null}},{"start":{"line":73,"column":19},"end":{"line":78,"column":null}}]}},"s":{"0":0,"1":0,"2":0,"3":0,"4":0,"5":0,"6":0,"7":0,"8":0,"9":0,"10":0,"11":0,"12":0,"13":0,"14":0,"15":0,"16":0,"17":0,"18":0,"19":0,"20":0,"21":0,"22":0,"23":0,"24":0,"25":0,"26":0,"27":0,"28":0,"29":0,"30":0,"31":0,"32":0,"33":0,"34":0,"35":0,"36":0,"37":0,"38":0,"39":0,"40":0,"41":0,"42":0,"43":0,"44":0,"45":0},"f":{"0":0,"1":0,"2":0,"3":0,"4":0,"5":0,"6":0,"7":0,"8":0,"9":0},"b":{"0":[0,0]}}
,"D:\\gerardo\\practice\\node-ts\\src\\resources\\post\\post.model.ts": {"path":"D:\\gerardo\\practice\\node-ts\\src\\resources\\post\\post.model.ts","statementMap":{"0":{"start":{"line":1,"column":0},"end":{"line":1,"column":41}},"1":{"start":{"line":4,"column":19},"end":{"line":15,"column":null}},"2":{"start":{"line":18,"column":0},"end":{"line":18,"column":47}}},"fnMap":{},"branchMap":{},"s":{"0":0,"1":0,"2":0},"f":{},"b":{}}
,"D:\\gerardo\\practice\\node-ts\\src\\resources\\post\\post.service.ts": {"path":"D:\\gerardo\\practice\\node-ts\\src\\resources\\post\\post.service.ts","statementMap":{"0":{"start":{"line":1,"column":0},"end":{"line":1,"column":37}},"1":{"start":{"line":3,"column":0},"end":{"line":3,"column":43}},"2":{"start":{"line":6,"column":12},"end":{"line":6,"column":29}},"3":{"start":{"line":12,"column":8},"end":{"line":17,"column":null}},"4":{"start":{"line":13,"column":25},"end":{"line":13,"column":47}},"5":{"start":{"line":14,"column":12},"end":{"line":14,"column":24}},"6":{"start":{"line":16,"column":12},"end":{"line":16,"column":56}},"7":{"start":{"line":24,"column":8},"end":{"line":29,"column":null}},"8":{"start":{"line":25,"column":25},"end":{"line":25,"column":64}},"9":{"start":{"line":26,"column":12},"end":{"line":26,"column":24}},"10":{"start":{"line":28,"column":12},"end":{"line":28,"column":53}},"11":{"start":{"line":36,"column":8},"end":{"line":42,"column":null}},"12":{"start":{"line":37,"column":26},"end":{"line":37,"column":57}},"13":{"start":{"line":38,"column":25},"end":{"line":38,"column":55}},"14":{"start":{"line":39,"column":12},"end":{"line":39,"column":24}},"15":{"start":{"line":41,"column":12},"end":{"line":41,"column":46}},"16":{"start":{"line":49,"column":8},"end":{"line":55,"column":null}},"17":{"start":{"line":50,"column":26},"end":{"line":50,"column":57}},"18":{"start":{"line":51,"column":25},"end":{"line":51,"column":71}},"19":{"start":{"line":52,"column":12},"end":{"line":52,"column":24}},"20":{"start":{"line":54,"column":12},"end":{"line":54,"column":46}},"21":{"start":{"line":58,"column":0},"end":{"line":58,"column":27}}},"fnMap":{"0":{"name":"(anonymous_8)","decl":{"start":{"line":5,"column":0},"end":{"line":5,"column":6}},"loc":{"start":{"line":5,"column":0},"end":{"line":57,"column":1}}},"1":{"name":"(anonymous_9)","decl":{"start":{"line":11,"column":17},"end":{"line":11,"column":20}},"loc":{"start":{"line":11,"column":20},"end":{"line":18,"column":null}}},"2":{"name":"(anonymous_11)","decl":{"start":{"line":23,"column":17},"end":{"line":23,"column":23}},"loc":{"start":{"line":23,"column":51},"end":{"line":30,"column":null}}},"3":{"name":"(anonymous_13)","decl":{"start":{"line":35,"column":17},"end":{"line":35,"column":24}},"loc":{"start":{"line":35,"column":35},"end":{"line":43,"column":null}}},"4":{"name":"(anonymous_15)","decl":{"start":{"line":48,"column":17},"end":{"line":48,"column":23}},"loc":{"start":{"line":48,"column":48},"end":{"line":56,"column":null}}}},"branchMap":{},"s":{"0":0,"1":0,"2":0,"3":0,"4":0,"5":0,"6":0,"7":0,"8":0,"9":0,"10":0,"11":0,"12":0,"13":0,"14":0,"15":0,"16":0,"17":0,"18":0,"19":0,"20":0,"21":0},"f":{"0":0,"1":0,"2":0,"3":0,"4":0},"b":{}}
,"D:\\gerardo\\practice\\node-ts\\src\\resources\\post\\post.validation.ts": {"path":"D:\\gerardo\\practice\\node-ts\\src\\resources\\post\\post.validation.ts","statementMap":{"0":{"start":{"line":1,"column":0},"end":{"line":1,"column":22}},"1":{"start":{"line":3,"column":15},"end":{"line":6,"column":2}},"2":{"start":{"line":8,"column":15},"end":{"line":11,"column":2}},"3":{"start":{"line":13,"column":0},"end":{"line":16,"column":2}}},"fnMap":{},"branchMap":{},"s":{"0":0,"1":0,"2":0,"3":0},"f":{},"b":{}}
,"D:\\gerardo\\practice\\node-ts\\src\\utils\\validateEnv.ts": {"path":"D:\\gerardo\\practice\\node-ts\\src\\utils\\validateEnv.ts","statementMap":{"0":{"start":{"line":1,"column":0},"end":{"line":1,"column":46}},"1":{"start":{"line":4,"column":4},"end":{"line":13,"column":7}},"2":{"start":{"line":16,"column":0},"end":{"line":16,"column":27}}},"fnMap":{"0":{"name":"validateEnv","decl":{"start":{"line":3,"column":9},"end":{"line":3,"column":20}},"loc":{"start":{"line":3,"column":20},"end":{"line":14,"column":1}}}},"branchMap":{},"s":{"0":0,"1":0,"2":0},"f":{"0":0},"b":{}}
,"D:\\gerardo\\practice\\node-ts\\src\\utils\\exceptions\\http.exception.ts": {"path":"D:\\gerardo\\practice\\node-ts\\src\\utils\\exceptions\\http.exception.ts","statementMap":{"0":{"start":{"line":6,"column":8},"end":{"line":6,"column":23}},"1":{"start":{"line":7,"column":8},"end":{"line":7,"column":29}},"2":{"start":{"line":8,"column":8},"end":{"line":8,"column":31}},"3":{"start":{"line":12,"column":0},"end":{"line":12,"column":29}}},"fnMap":{"0":{"name":"(anonymous_0)","decl":{"start":{"line":5,"column":4},"end":{"line":5,"column":16}},"loc":{"start":{"line":5,"column":47},"end":{"line":9,"column":5}}}},"branchMap":{},"s":{"0":0,"1":0,"2":0,"3":0},"f":{"0":0},"b":{}}
}
